<?xml version="1.0" encoding="UTF-8"?>
<testng-results skipped="0" failed="0" ignored="0" total="1" passed="1">
  <reporter-output>
  </reporter-output>
  <suite name="regression" duration-ms="22549" started-at="2021-11-28T11:47:02 EST" finished-at="2021-11-28T11:47:24 EST">
    <groups>
    </groups>
    <test name="test1" duration-ms="22549" started-at="2021-11-28T11:47:02 EST" finished-at="2021-11-28T11:47:24 EST">
      <class name="regressiontests.NewTest">
        <test-method status="PASS" signature="browser(java.lang.String,java.lang.String)[pri:0, instance:regressiontests.NewTest@2353b3e6]" name="browser" is-config="true" duration-ms="12296" started-at="2021-11-28T11:47:02 EST" finished-at="2021-11-28T11:47:14 EST">
          <params>
            <param index="0">
              <value>
                <![CDATA[chrome]]>
              </value>
            </param>
            <param index="1">
              <value>
                <![CDATA[https://www.facebook.com]]>
              </value>
            </param>
          </params>
          <reporter-output>
          </reporter-output>
        </test-method> <!-- browser -->
        <test-method status="PASS" signature="f()[pri:0, instance:regressiontests.NewTest@2353b3e6]" name="f" duration-ms="922" started-at="2021-11-28T11:47:14 EST" finished-at="2021-11-28T11:47:15 EST">
          <reporter-output>
          </reporter-output>
        </test-method> <!-- f -->
        <test-method status="PASS" signature="afterTest()[pri:0, instance:regressiontests.NewTest@2353b3e6]" name="afterTest" is-config="true" duration-ms="9170" started-at="2021-11-28T11:47:15 EST" finished-at="2021-11-28T11:47:24 EST">
          <reporter-output>
          </reporter-output>
        </test-method> <!-- afterTest -->
      </class> <!-- regressiontests.NewTest -->
    </test> <!-- test1 -->
  </suite> <!-- regression -->
</testng-results>
